<?xml version="1.0" encoding="UTF-8"?>
<testng-results ignored="0" total="1" passed="1" failed="0" skipped="0">
  <reporter-output>
  </reporter-output>
  <suite started-at="2023-06-18T20:49:57 IST" name="Default suite" finished-at="2023-06-18T20:51:17 IST" duration-ms="80636">
    <groups>
    </groups>
    <test started-at="2023-06-18T20:49:57 IST" name="Default test" finished-at="2023-06-18T20:51:17 IST" duration-ms="80636">
      <class name="com.test.Notepad">
        <test-method is-config="true" signature="startUp()[pri:0, instance:com.test.Notepad@581ac8a8]" started-at="2023-06-18T20:49:57 IST" name="startUp" finished-at="2023-06-18T20:50:25 IST" duration-ms="28005" status="PASS">
          <reporter-output>
          </reporter-output>
        </test-method> <!-- startUp -->
        <test-method signature="testOne()[pri:0, instance:com.test.Notepad@581ac8a8]" started-at="2023-06-18T20:50:25 IST" name="testOne" finished-at="2023-06-18T20:51:17 IST" duration-ms="52357" status="PASS">
          <reporter-output>
          </reporter-output>
        </test-method> <!-- testOne -->
        <test-method is-config="true" signature="closeUp()[pri:0, instance:com.test.Notepad@581ac8a8]" started-at="2023-06-18T20:51:17 IST" name="closeUp" finished-at="2023-06-18T20:51:17 IST" duration-ms="155" status="PASS">
          <reporter-output>
          </reporter-output>
        </test-method> <!-- closeUp -->
      </class> <!-- com.test.Notepad -->
    </test> <!-- Default test -->
  </suite> <!-- Default suite -->
</testng-results>
